app/ImagenYBelleza/V1/ImagenyBelleza/app/build/outputs/logs/manifest-merger-release-report.txt
-- Merging decision tree log ---
manifest
ADDED from src\main\AndroidManifest.xml:2:1-132:12
	package
		ADDED from src\main\AndroidManifest.xml:3:5-51
		INJECTED from src\main\AndroidManifest.xml
		INJECTED from src\main\AndroidManifest.xml
	android:versionName
		INJECTED from src\main\AndroidManifest.xml
		INJECTED from src\main\AndroidManifest.xml
	xmlns:android
		ADDED from src\main\AndroidManifest.xml:2:11-69
	android:versionCode
		INJECTED from src\main\AndroidManifest.xml
		INJECTED from src\main\AndroidManifest.xml
uses-permission#android.permission.INTERNET
ADDED from src\main\AndroidManifest.xml:5:5-67
MERGED from [com.google.android.gms:play-services-maps:10.0.1] AndroidManifest.xml:20:5-66
	android:name
		ADDED from src\main\AndroidManifest.xml:5:22-64
uses-permission#android.permission.ACCESS_NETWORK_STATE
ADDED from src\main\AndroidManifest.xml:6:5-79
MERGED from [com.google.android.gms:play-services-maps:10.0.1] AndroidManifest.xml:19:5-78
	android:name
		ADDED from src\main\AndroidManifest.xml:6:22-76
uses-permission#android.permission.WRITE_EXTERNAL_STORAGE
ADDED from src\main\AndroidManifest.xml:7:5-81
	android:name
		ADDED from src\main\AndroidManifest.xml:7:22-78
uses-permission#android.permission.READ_EXTERNAL_STORAGE
ADDED from src\main\AndroidManifest.xml:8:5-80
	android:name
		ADDED from src\main\AndroidManifest.xml:8:22-77
uses-permission#android.permission.WRITE_INTERNAL_STORAGE
ADDED from src\main\AndroidManifest.xml:9:5-81
	android:name
		ADDED from src\main\AndroidManifest.xml:9:22-78
uses-permission#android.permission.ACCESS_FINE_LOCATION
ADDED from src\main\AndroidManifest.xml:10:5-79
	android:name
		ADDED from src\main\AndroidManifest.xml:10:22-76
uses-feature#android.hardware.location.gps
ADDED from src\main\AndroidManifest.xml:12:5-66
	android:name
		ADDED from src\main\AndroidManifest.xml:12:19-63
uses-feature#0x00020000
ADDED from src\main\AndroidManifest.xml:13:5-15:35
MERGED from [com.google.android.gms:play-services-maps:10.0.1] AndroidManifest.xml:21:5-77
	android:glEsVersion
		ADDED from src\main\AndroidManifest.xml:14:9-41
	android:required
		ADDED from src\main\AndroidManifest.xml:15:9-32
application
ADDED from src\main\AndroidManifest.xml:17:5-130:19
MERGED from [com.android.support:design:25.1.1] AndroidManifest.xml:25:5-20
MERGED from [com.android.support:transition:25.1.1] AndroidManifest.xml:22:5-20
MERGED from [it.sephiroth.android.library.horizontallistview:library:1.2.1] AndroidManifest.xml:5:5-19
MERGED from [com.nononsenseapps:filepicker:3.1.0] AndroidManifest.xml:17:5-20
MERGED from [com.android.support:appcompat-v7:25.1.1] AndroidManifest.xml:25:5-20
MERGED from [com.android.support:animated-vector-drawable:25.1.1] AndroidManifest.xml:22:5-20
MERGED from [com.android.support:support-vector-drawable:25.1.1] AndroidManifest.xml:23:5-20
MERGED from [com.android.volley:volley:1.0.0] AndroidManifest.xml:9:5-20
MERGED from [com.google.android.gms:play-services-maps:10.0.1] AndroidManifest.xml:24:5-19
MERGED from [com.google.android.gms:play-services-base:10.0.1] AndroidManifest.xml:18:5-20:19
MERGED from [com.google.android.gms:play-services-tasks:10.0.1] AndroidManifest.xml:4:5-19
MERGED from [com.google.android.gms:play-services-basement:10.0.1] AndroidManifest.xml:19:5-21:19
MERGED from [com.android.support:support-v4:25.1.1] AndroidManifest.xml:25:5-20
MERGED from [com.android.support:support-fragment:25.1.1] AndroidManifest.xml:25:5-20
MERGED from [com.android.support:support-media-compat:25.1.1] AndroidManifest.xml:25:5-20
MERGED from [com.android.support:support-core-ui:25.1.1] AndroidManifest.xml:25:5-20
MERGED from [com.android.support:support-core-utils:25.1.1] AndroidManifest.xml:25:5-20
MERGED from [com.android.support:support-compat:25.1.1] AndroidManifest.xml:25:5-20
	android:label
		ADDED from src\main\AndroidManifest.xml:21:9-41
	android:supportsRtl
		ADDED from src\main\AndroidManifest.xml:22:9-35
	android:allowBackup
		ADDED from src\main\AndroidManifest.xml:19:9-35
	android:icon
		ADDED from src\main\AndroidManifest.xml:20:9-43
	android:theme
		ADDED from src\main\AndroidManifest.xml:23:9-40
	android:name
		ADDED from src\main\AndroidManifest.xml:18:9-50
activity#co.com.imagenybelleza.imagenybelleza.main.SplashActivity
ADDED from src\main\AndroidManifest.xml:24:9-33:20
	android:label
		ADDED from src\main\AndroidManifest.xml:26:13-45
	android:theme
		ADDED from src\main\AndroidManifest.xml:27:13-56
	android:name
		ADDED from src\main\AndroidManifest.xml:25:13-48
intent-filter#android.intent.action.MAIN+android.intent.category.LAUNCHER
ADDED from src\main\AndroidManifest.xml:28:13-32:29
action#android.intent.action.MAIN
ADDED from src\main\AndroidManifest.xml:29:17-69
	android:name
		ADDED from src\main\AndroidManifest.xml:29:25-66
category#android.intent.category.LAUNCHER
ADDED from src\main\AndroidManifest.xml:31:17-77
	android:name
		ADDED from src\main\AndroidManifest.xml:31:27-74
activity#com.nononsenseapps.filepicker.FilePickerActivity
ADDED from src\main\AndroidManifest.xml:34:9-43:20
	android:label
		ADDED from src\main\AndroidManifest.xml:36:13-45
	android:theme
		ADDED from src\main\AndroidManifest.xml:37:13-51
	android:name
		ADDED from src\main\AndroidManifest.xml:35:13-76
intent-filter#android.intent.action.GET_CONTENT+android.intent.category.DEFAULT
ADDED from src\main\AndroidManifest.xml:38:13-42:29
action#android.intent.action.GET_CONTENT
ADDED from src\main\AndroidManifest.xml:39:17-76
	android:name
		ADDED from src\main\AndroidManifest.xml:39:25-73
category#android.intent.category.DEFAULT
ADDED from src\main\AndroidManifest.xml:41:17-76
	android:name
		ADDED from src\main\AndroidManifest.xml:41:27-73
activity#co.com.imagenybelleza.imagenybelleza.main.OrderActivity
ADDED from src\main\AndroidManifest.xml:44:9-46:62
	android:label
		ADDED from src\main\AndroidManifest.xml:46:13-59
	android:name
		ADDED from src\main\AndroidManifest.xml:45:13-47
activity#co.com.imagenybelleza.imagenybelleza.main.CreateClientActivity
ADDED from src\main\AndroidManifest.xml:47:9-49:68
	android:label
		ADDED from src\main\AndroidManifest.xml:49:13-65
	android:name
		ADDED from src\main\AndroidManifest.xml:48:13-54
activity#co.com.imagenybelleza.imagenybelleza.main.CreateOrderActivity
ADDED from src\main\AndroidManifest.xml:50:9-52:67
	android:label
		ADDED from src\main\AndroidManifest.xml:52:13-64
	android:name
		ADDED from src\main\AndroidManifest.xml:51:13-53
activity#co.com.imagenybelleza.imagenybelleza.main.MainActivity
ADDED from src\main\AndroidManifest.xml:53:9-55:59
	android:label
		ADDED from src\main\AndroidManifest.xml:55:13-56
	android:name
		ADDED from src\main\AndroidManifest.xml:54:13-46
activity#co.com.imagenybelleza.imagenybelleza.main.AboutActivity
ADDED from src\main\AndroidManifest.xml:56:9-58:60
	android:label
		ADDED from src\main\AndroidManifest.xml:58:13-57
	android:name
		ADDED from src\main\AndroidManifest.xml:57:13-47
activity#co.com.imagenybelleza.imagenybelleza.main.ProductsActivity
ADDED from src\main\AndroidManifest.xml:59:9-62:59
	android:label
		ADDED from src\main\AndroidManifest.xml:61:13-60
	android:theme
		ADDED from src\main\AndroidManifest.xml:62:13-56
	android:name
		ADDED from src\main\AndroidManifest.xml:60:13-50
activity#co.com.imagenybelleza.imagenybelleza.main.LoginActivity
ADDED from src\main\AndroidManifest.xml:63:9-65:48
	android:label
		ADDED from src\main\AndroidManifest.xml:65:13-45
	android:name
		ADDED from src\main\AndroidManifest.xml:64:13-47
activity#co.com.imagenybelleza.imagenybelleza.main.ClientActivity
ADDED from src\main\AndroidManifest.xml:66:9-68:61
	android:label
		ADDED from src\main\AndroidManifest.xml:68:13-58
	android:name
		ADDED from src\main\AndroidManifest.xml:67:13-48
activity#co.com.imagenybelleza.imagenybelleza.main.ItemsListActivity
ADDED from src\main\AndroidManifest.xml:69:9-71:65
	android:label
		ADDED from src\main\AndroidManifest.xml:71:13-62
	android:name
		ADDED from src\main\AndroidManifest.xml:70:13-51
activity#co.com.imagenybelleza.imagenybelleza.main.CatalogActivity
ADDED from src\main\AndroidManifest.xml:72:9-76:63
	android:screenOrientation
		ADDED from src\main\AndroidManifest.xml:75:13-49
	android:label
		ADDED from src\main\AndroidManifest.xml:74:13-59
	android:windowSoftInputMode
		ADDED from src\main\AndroidManifest.xml:76:13-60
	android:name
		ADDED from src\main\AndroidManifest.xml:73:13-49
activity#co.com.imagenybelleza.imagenybelleza.main.SettingsActivity
ADDED from src\main\AndroidManifest.xml:77:9-80:67
	android:label
		ADDED from src\main\AndroidManifest.xml:79:13-42
	android:windowSoftInputMode
		ADDED from src\main\AndroidManifest.xml:80:13-64
	android:name
		ADDED from src\main\AndroidManifest.xml:78:13-50
activity#co.com.imagenybelleza.imagenybelleza.main.BillActivity
ADDED from src\main\AndroidManifest.xml:81:9-83:43
	android:label
		ADDED from src\main\AndroidManifest.xml:83:13-40
	android:name
		ADDED from src\main\AndroidManifest.xml:82:13-46
activity#co.com.imagenybelleza.imagenybelleza.main.BillDetailActivity
ADDED from src\main\AndroidManifest.xml:84:9-61
	android:name
		ADDED from src\main\AndroidManifest.xml:84:19-58
receiver#co.com.imagenybelleza.imagenybelleza.helpers.ConnectivityReceiver
ADDED from src\main\AndroidManifest.xml:86:9-92:20
	android:enabled
		ADDED from src\main\AndroidManifest.xml:88:13-35
	android:name
		ADDED from src\main\AndroidManifest.xml:87:13-57
intent-filter#android.net.conn.CONNECTIVITY_CHANGE
ADDED from src\main\AndroidManifest.xml:89:13-91:29
action#android.net.conn.CONNECTIVITY_CHANGE
ADDED from src\main\AndroidManifest.xml:90:17-79
	android:name
		ADDED from src\main\AndroidManifest.xml:90:25-76
receiver#co.com.imagenybelleza.imagenybelleza.helpers.GPSReceiver
ADDED from src\main\AndroidManifest.xml:93:9-97:20
	android:name
		ADDED from src\main\AndroidManifest.xml:93:19-54
intent-filter#android.location.PROVIDERS_CHANGED
ADDED from src\main\AndroidManifest.xml:94:13-96:29
action#android.location.PROVIDERS_CHANGED
ADDED from src\main\AndroidManifest.xml:95:17-77
	android:name
		ADDED from src\main\AndroidManifest.xml:95:25-74
service#co.com.imagenybelleza.imagenybelleza.services.LocationService
ADDED from src\main\AndroidManifest.xml:99:9-61
	android:name
		ADDED from src\main\AndroidManifest.xml:99:18-58
meta-data#com.google.android.geo.API_KEY
ADDED from src\main\AndroidManifest.xml:109:9-111:55
	android:value
		ADDED from src\main\AndroidManifest.xml:111:13-52
	android:name
		ADDED from src\main\AndroidManifest.xml:110:13-58
meta-data#com.google.android.gms.version
ADDED from src\main\AndroidManifest.xml:112:9-114:69
MERGED from [com.google.android.gms:play-services-basement:10.0.1] AndroidManifest.xml:20:9-121
	android:value
		ADDED from src\main\AndroidManifest.xml:114:13-66
	android:name
		ADDED from src\main\AndroidManifest.xml:113:13-58
activity#co.com.imagenybelleza.imagenybelleza.main.LocationActivity
ADDED from src\main\AndroidManifest.xml:116:9-119:57
	android:label
		ADDED from src\main\AndroidManifest.xml:118:13-60
	android:windowSoftInputMode
		ADDED from src\main\AndroidManifest.xml:119:13-54
	android:name
		ADDED from src\main\AndroidManifest.xml:117:13-50
activity#co.com.imagenybelleza.imagenybelleza.main.StorageActivity
ADDED from src\main\AndroidManifest.xml:120:9-122:38
	android:label
		ADDED from src\main\AndroidManifest.xml:122:13-35
	android:name
		ADDED from src\main\AndroidManifest.xml:121:13-49
activity#co.com.imagenybelleza.imagenybelleza.main.StorageDetailActivity
ADDED from src\main\AndroidManifest.xml:123:9-125:69
	android:label
		ADDED from src\main\AndroidManifest.xml:125:13-66
	android:name
		ADDED from src\main\AndroidManifest.xml:124:13-55
activity#co.com.imagenybelleza.imagenybelleza.main.AdminActivity
ADDED from src\main\AndroidManifest.xml:126:9-56
	android:name
		ADDED from src\main\AndroidManifest.xml:126:19-53
activity#co.com.imagenybelleza.imagenybelleza.main.MessagesActivity
ADDED from src\main\AndroidManifest.xml:127:9-129:40
	android:label
		ADDED from src\main\AndroidManifest.xml:129:13-37
	android:name
		ADDED from src\main\AndroidManifest.xml:128:13-50
uses-sdk
INJECTED from src\main\AndroidManifest.xml reason: use-sdk injection requested
MERGED from [com.android.support:design:25.1.1] AndroidManifest.xml:21:5-23:62
MERGED from [com.android.support:transition:25.1.1] AndroidManifest.xml:20:5-44
MERGED from [it.sephiroth.android.library.horizontallistview:library:1.2.1] AndroidManifest.xml:3:5-72
MERGED from [com.wang.avi:library:2.1.3] AndroidManifest.xml:7:5-9:41
MERGED from [com.nononsenseapps:filepicker:3.1.0] AndroidManifest.xml:13:5-15:41
MERGED from [com.android.support:appcompat-v7:25.1.1] AndroidManifest.xml:21:5-23:78
MERGED from [com.android.support:animated-vector-drawable:25.1.1] AndroidManifest.xml:20:5-44
MERGED from [com.android.support:support-vector-drawable:25.1.1] AndroidManifest.xml:21:5-43
MERGED from [com.android.support:recyclerview-v7:25.1.1] AndroidManifest.xml:20:5-43
MERGED from [com.android.volley:volley:1.0.0] AndroidManifest.xml:7:5-43
MERGED from [com.daimajia.swipelayout:library:1.2.0] AndroidManifest.xml:6:5-8:41
MERGED from [com.daimajia.numberprogressbar:library:1.2] AndroidManifest.xml:7:5-9:41
MERGED from [com.google.android.gms:play-services-maps:10.0.1] AndroidManifest.xml:23:5-42
MERGED from [com.google.android.gms:play-services-base:10.0.1] AndroidManifest.xml:17:5-42
MERGED from [com.google.android.gms:play-services-tasks:10.0.1] AndroidManifest.xml:3:5-42
MERGED from [com.google.android.gms:play-services-basement:10.0.1] AndroidManifest.xml:17:5-42
MERGED from [com.android.support:support-v4:25.1.1] AndroidManifest.xml:21:5-23:54
MERGED from [com.android.support:support-fragment:25.1.1] AndroidManifest.xml:21:5-23:60
MERGED from [com.android.support:support-media-compat:25.1.1] AndroidManifest.xml:21:5-23:63
MERGED from [com.android.support:support-core-ui:25.1.1] AndroidManifest.xml:21:5-23:58
MERGED from [com.android.support:support-core-utils:25.1.1] AndroidManifest.xml:21:5-23:61
MERGED from [com.android.support:support-compat:25.1.1] AndroidManifest.xml:21:5-23:58
	tools:overrideLibrary
		ADDED from [com.android.support:design:25.1.1] AndroidManifest.xml:23:9-59
	android:targetSdkVersion
		INJECTED from src\main\AndroidManifest.xml
		INJECTED from src\main\AndroidManifest.xml
	android:minSdkVersion
		INJECTED from src\main\AndroidManifest.xml
		INJECTED from src\main\AndroidManifest.xml
activity#com.google.android.gms.common.api.GoogleApiActivity
ADDED from [com.google.android.gms:play-services-base:10.0.1] AndroidManifest.xml:19:9-172
	android:exported
		ADDED from [com.google.android.gms:play-services-base:10.0.1] AndroidManifest.xml:19:146-170
	android:theme
		ADDED from [com.google.android.gms:play-services-base:10.0.1] AndroidManifest.xml:19:86-145
	android:name
		ADDED from [com.google.android.gms:play-services-base:10.0.1] AndroidManifest.xml:19:19-85